Running: /mnt/support/software/linux/all/x86_64/Xilinx/14.2/ISE_DS/ISE/bin/lin64/unwrapped/fuse -intstyle ise -incremental -lib unisims_ver -lib unimacro_ver -lib xilinxcorelib_ver -lib secureip -o /ad/eng/users/p/v/pvelarde/Desktop/final_project/final_final_version/final_version/IMem_isim_beh.exe -prj /ad/eng/users/p/v/pvelarde/Desktop/final_project/final_final_version/final_version/IMem_beh.prj work.IMem work.glbl 
ISim P.28xd (signature 0x54af6ca1)
Number of CPUs detected in this system: 4
Turning on mult-threading, number of parallel sub-compilation jobs: 8 
Determining compilation order of HDL files
Analyzing Verilog file "/ad/eng/users/p/v/pvelarde/Desktop/final_project/final_final_version/final_version/../IMem.v" into library work
Analyzing Verilog file "/mnt/support/software/linux/all/x86_64/Xilinx/14.2/ISE_DS/ISE//verilog/src/glbl.v" into library work
Starting static elaboration
Completed static elaboration
Fuse Memory Usage: 93876 KB
Fuse CPU Usage: 890 ms
Compiling module IMem
Compiling module glbl
Time Resolution for simulation is 1ps.
Waiting for 1 sub-compilation(s) to finish...
Compiled 2 Verilog Units
Built simulation executable /ad/eng/users/p/v/pvelarde/Desktop/final_project/final_final_version/final_version/IMem_isim_beh.exe
Fuse Memory Usage: 651988 KB
Fuse CPU Usage: 900 ms
GCC CPU Usage: 280 ms
